[0.016s] Invoking command in '/home/kiriks/code/alphabot/build/alphabot_bringup': CMAKE_PREFIX_PATH=/opt/ros/humble PS1=\[\e[0;37m\][\t]\[\[\e[1;32m\]\u\[\[\e[0;37m\]@\[\[\e[0;33m\]\h\[\[\e[1;33m\]${text}\[\[\e[0;37m\]:\[$(set_ros_workspace_color)\]$(parse_ros_workspace)\[\[\e[0;32m\]$(parse_vc_branch_and_add_brackets)>\[\[\e[1;35m\]\W\[\[\e[1;35m\]$\[\[\e[0m\]\[\e[m\] /usr/bin/cmake /home/kiriks/code/alphabot/alphabot_bringup -DCMAKE_INSTALL_PREFIX=/home/kiriks/code/alphabot/install/alphabot_bringup
[0.067s] -- The C compiler identification is GNU 11.4.0
[0.112s] -- The CXX compiler identification is GNU 11.4.0
[0.118s] -- Detecting C compiler ABI info
[0.173s] -- Detecting C compiler ABI info - done
[0.179s] -- Check for working C compiler: /usr/bin/cc - skipped
[0.179s] -- Detecting C compile features
[0.180s] -- Detecting C compile features - done
[0.182s] -- Detecting CXX compiler ABI info
[0.244s] -- Detecting CXX compiler ABI info - done
[0.251s] -- Check for working CXX compiler: /usr/bin/c++ - skipped
[0.251s] -- Detecting CXX compile features
[0.251s] -- Detecting CXX compile features - done
[0.254s] -- Found ament_cmake: 1.3.8 (/opt/ros/humble/share/ament_cmake/cmake)
[0.385s] -- Found Python3: /usr/bin/python3 (found version "3.10.12") found components: Interpreter 
[0.526s] -- Configuring done
[0.531s] -- Generating done
[0.531s] -- Build files have been written to: /home/kiriks/code/alphabot/build/alphabot_bringup
[0.534s] Invoked command in '/home/kiriks/code/alphabot/build/alphabot_bringup' returned '0': CMAKE_PREFIX_PATH=/opt/ros/humble PS1=\[\e[0;37m\][\t]\[\[\e[1;32m\]\u\[\[\e[0;37m\]@\[\[\e[0;33m\]\h\[\[\e[1;33m\]${text}\[\[\e[0;37m\]:\[$(set_ros_workspace_color)\]$(parse_ros_workspace)\[\[\e[0;32m\]$(parse_vc_branch_and_add_brackets)>\[\[\e[1;35m\]\W\[\[\e[1;35m\]$\[\[\e[0m\]\[\e[m\] /usr/bin/cmake /home/kiriks/code/alphabot/alphabot_bringup -DCMAKE_INSTALL_PREFIX=/home/kiriks/code/alphabot/install/alphabot_bringup
[0.535s] Invoking command in '/home/kiriks/code/alphabot/build/alphabot_bringup': CMAKE_PREFIX_PATH=/opt/ros/humble PS1=\[\e[0;37m\][\t]\[\[\e[1;32m\]\u\[\[\e[0;37m\]@\[\[\e[0;33m\]\h\[\[\e[1;33m\]${text}\[\[\e[0;37m\]:\[$(set_ros_workspace_color)\]$(parse_ros_workspace)\[\[\e[0;32m\]$(parse_vc_branch_and_add_brackets)>\[\[\e[1;35m\]\W\[\[\e[1;35m\]$\[\[\e[0m\]\[\e[m\] /usr/bin/cmake --build /home/kiriks/code/alphabot/build/alphabot_bringup -- -j8 -l8
[0.570s] Invoked command in '/home/kiriks/code/alphabot/build/alphabot_bringup' returned '0': CMAKE_PREFIX_PATH=/opt/ros/humble PS1=\[\e[0;37m\][\t]\[\[\e[1;32m\]\u\[\[\e[0;37m\]@\[\[\e[0;33m\]\h\[\[\e[1;33m\]${text}\[\[\e[0;37m\]:\[$(set_ros_workspace_color)\]$(parse_ros_workspace)\[\[\e[0;32m\]$(parse_vc_branch_and_add_brackets)>\[\[\e[1;35m\]\W\[\[\e[1;35m\]$\[\[\e[0m\]\[\e[m\] /usr/bin/cmake --build /home/kiriks/code/alphabot/build/alphabot_bringup -- -j8 -l8
[0.590s] Invoking command in '/home/kiriks/code/alphabot/build/alphabot_bringup': CMAKE_PREFIX_PATH=/opt/ros/humble PS1=\[\e[0;37m\][\t]\[\[\e[1;32m\]\u\[\[\e[0;37m\]@\[\[\e[0;33m\]\h\[\[\e[1;33m\]${text}\[\[\e[0;37m\]:\[$(set_ros_workspace_color)\]$(parse_ros_workspace)\[\[\e[0;32m\]$(parse_vc_branch_and_add_brackets)>\[\[\e[1;35m\]\W\[\[\e[1;35m\]$\[\[\e[0m\]\[\e[m\] /usr/bin/cmake --install /home/kiriks/code/alphabot/build/alphabot_bringup
[0.596s] -- Install configuration: ""
[0.596s] -- Installing: /home/kiriks/code/alphabot/install/alphabot_bringup/share/ament_index/resource_index/package_run_dependencies/alphabot_bringup
[0.596s] -- Installing: /home/kiriks/code/alphabot/install/alphabot_bringup/share/ament_index/resource_index/parent_prefix_path/alphabot_bringup
[0.596s] -- Installing: /home/kiriks/code/alphabot/install/alphabot_bringup/share/alphabot_bringup/environment/ament_prefix_path.sh
[0.596s] -- Installing: /home/kiriks/code/alphabot/install/alphabot_bringup/share/alphabot_bringup/environment/ament_prefix_path.dsv
[0.596s] -- Installing: /home/kiriks/code/alphabot/install/alphabot_bringup/share/alphabot_bringup/environment/path.sh
[0.597s] -- Installing: /home/kiriks/code/alphabot/install/alphabot_bringup/share/alphabot_bringup/environment/path.dsv
[0.597s] -- Installing: /home/kiriks/code/alphabot/install/alphabot_bringup/share/alphabot_bringup/local_setup.bash
[0.597s] -- Installing: /home/kiriks/code/alphabot/install/alphabot_bringup/share/alphabot_bringup/local_setup.sh
[0.597s] -- Installing: /home/kiriks/code/alphabot/install/alphabot_bringup/share/alphabot_bringup/local_setup.zsh
[0.597s] -- Installing: /home/kiriks/code/alphabot/install/alphabot_bringup/share/alphabot_bringup/local_setup.dsv
[0.597s] -- Installing: /home/kiriks/code/alphabot/install/alphabot_bringup/share/alphabot_bringup/package.dsv
[0.597s] -- Installing: /home/kiriks/code/alphabot/install/alphabot_bringup/share/ament_index/resource_index/packages/alphabot_bringup
[0.597s] -- Installing: /home/kiriks/code/alphabot/install/alphabot_bringup/share/alphabot_bringup/cmake/alphabot_bringupConfig.cmake
[0.597s] -- Installing: /home/kiriks/code/alphabot/install/alphabot_bringup/share/alphabot_bringup/cmake/alphabot_bringupConfig-version.cmake
[0.597s] -- Installing: /home/kiriks/code/alphabot/install/alphabot_bringup/share/alphabot_bringup/package.xml
[0.615s] Invoked command in '/home/kiriks/code/alphabot/build/alphabot_bringup' returned '0': CMAKE_PREFIX_PATH=/opt/ros/humble PS1=\[\e[0;37m\][\t]\[\[\e[1;32m\]\u\[\[\e[0;37m\]@\[\[\e[0;33m\]\h\[\[\e[1;33m\]${text}\[\[\e[0;37m\]:\[$(set_ros_workspace_color)\]$(parse_ros_workspace)\[\[\e[0;32m\]$(parse_vc_branch_and_add_brackets)>\[\[\e[1;35m\]\W\[\[\e[1;35m\]$\[\[\e[0m\]\[\e[m\] /usr/bin/cmake --install /home/kiriks/code/alphabot/build/alphabot_bringup
