[0.015s] Invoking command in '/home/kiriks/code/alphabot/build/alphabot_description': CMAKE_PREFIX_PATH=/opt/ros/humble PS1=\[\e[0;37m\][\t]\[\[\e[1;32m\]\u\[\[\e[0;37m\]@\[\[\e[0;33m\]\h\[\[\e[1;33m\]${text}\[\[\e[0;37m\]:\[$(set_ros_workspace_color)\]$(parse_ros_workspace)\[\[\e[0;32m\]$(parse_vc_branch_and_add_brackets)>\[\[\e[1;35m\]\W\[\[\e[1;35m\]$\[\[\e[0m\]\[\e[m\] /usr/bin/cmake /home/kiriks/code/alphabot/alphabot_description -DCMAKE_INSTALL_PREFIX=/home/kiriks/code/alphabot/install/alphabot_description
[0.059s] -- The C compiler identification is GNU 11.4.0
[0.104s] -- The CXX compiler identification is GNU 11.4.0
[0.110s] -- Detecting C compiler ABI info
[0.165s] -- Detecting C compiler ABI info - done
[0.171s] -- Check for working C compiler: /usr/bin/cc - skipped
[0.171s] -- Detecting C compile features
[0.172s] -- Detecting C compile features - done
[0.174s] -- Detecting CXX compiler ABI info
[0.238s] -- Detecting CXX compiler ABI info - done
[0.245s] -- Check for working CXX compiler: /usr/bin/c++ - skipped
[0.245s] -- Detecting CXX compile features
[0.246s] -- Detecting CXX compile features - done
[0.248s] -- Found ament_cmake: 1.3.8 (/opt/ros/humble/share/ament_cmake/cmake)
[0.377s] -- Found Python3: /usr/bin/python3 (found version "3.10.12") found components: Interpreter 
[0.513s] -- Configuring done
[0.515s] -- Generating done
[0.516s] -- Build files have been written to: /home/kiriks/code/alphabot/build/alphabot_description
[0.520s] Invoked command in '/home/kiriks/code/alphabot/build/alphabot_description' returned '0': CMAKE_PREFIX_PATH=/opt/ros/humble PS1=\[\e[0;37m\][\t]\[\[\e[1;32m\]\u\[\[\e[0;37m\]@\[\[\e[0;33m\]\h\[\[\e[1;33m\]${text}\[\[\e[0;37m\]:\[$(set_ros_workspace_color)\]$(parse_ros_workspace)\[\[\e[0;32m\]$(parse_vc_branch_and_add_brackets)>\[\[\e[1;35m\]\W\[\[\e[1;35m\]$\[\[\e[0m\]\[\e[m\] /usr/bin/cmake /home/kiriks/code/alphabot/alphabot_description -DCMAKE_INSTALL_PREFIX=/home/kiriks/code/alphabot/install/alphabot_description
[0.522s] Invoking command in '/home/kiriks/code/alphabot/build/alphabot_description': CMAKE_PREFIX_PATH=/opt/ros/humble PS1=\[\e[0;37m\][\t]\[\[\e[1;32m\]\u\[\[\e[0;37m\]@\[\[\e[0;33m\]\h\[\[\e[1;33m\]${text}\[\[\e[0;37m\]:\[$(set_ros_workspace_color)\]$(parse_ros_workspace)\[\[\e[0;32m\]$(parse_vc_branch_and_add_brackets)>\[\[\e[1;35m\]\W\[\[\e[1;35m\]$\[\[\e[0m\]\[\e[m\] /usr/bin/cmake --build /home/kiriks/code/alphabot/build/alphabot_description -- -j8 -l8
[0.552s] Invoked command in '/home/kiriks/code/alphabot/build/alphabot_description' returned '0': CMAKE_PREFIX_PATH=/opt/ros/humble PS1=\[\e[0;37m\][\t]\[\[\e[1;32m\]\u\[\[\e[0;37m\]@\[\[\e[0;33m\]\h\[\[\e[1;33m\]${text}\[\[\e[0;37m\]:\[$(set_ros_workspace_color)\]$(parse_ros_workspace)\[\[\e[0;32m\]$(parse_vc_branch_and_add_brackets)>\[\[\e[1;35m\]\W\[\[\e[1;35m\]$\[\[\e[0m\]\[\e[m\] /usr/bin/cmake --build /home/kiriks/code/alphabot/build/alphabot_description -- -j8 -l8
[0.577s] Invoking command in '/home/kiriks/code/alphabot/build/alphabot_description': CMAKE_PREFIX_PATH=/opt/ros/humble PS1=\[\e[0;37m\][\t]\[\[\e[1;32m\]\u\[\[\e[0;37m\]@\[\[\e[0;33m\]\h\[\[\e[1;33m\]${text}\[\[\e[0;37m\]:\[$(set_ros_workspace_color)\]$(parse_ros_workspace)\[\[\e[0;32m\]$(parse_vc_branch_and_add_brackets)>\[\[\e[1;35m\]\W\[\[\e[1;35m\]$\[\[\e[0m\]\[\e[m\] /usr/bin/cmake --install /home/kiriks/code/alphabot/build/alphabot_description
[0.585s] -- Install configuration: ""
[0.585s] -- Installing: /home/kiriks/code/alphabot/install/alphabot_description/share/ament_index/resource_index/package_run_dependencies/alphabot_description
[0.585s] -- Installing: /home/kiriks/code/alphabot/install/alphabot_description/share/ament_index/resource_index/parent_prefix_path/alphabot_description
[0.585s] -- Installing: /home/kiriks/code/alphabot/install/alphabot_description/share/alphabot_description/environment/ament_prefix_path.sh
[0.586s] -- Installing: /home/kiriks/code/alphabot/install/alphabot_description/share/alphabot_description/environment/ament_prefix_path.dsv
[0.586s] -- Installing: /home/kiriks/code/alphabot/install/alphabot_description/share/alphabot_description/environment/path.sh
[0.586s] -- Installing: /home/kiriks/code/alphabot/install/alphabot_description/share/alphabot_description/environment/path.dsv
[0.586s] -- Installing: /home/kiriks/code/alphabot/install/alphabot_description/share/alphabot_description/local_setup.bash
[0.586s] -- Installing: /home/kiriks/code/alphabot/install/alphabot_description/share/alphabot_description/local_setup.sh
[0.587s] -- Installing: /home/kiriks/code/alphabot/install/alphabot_description/share/alphabot_description/local_setup.zsh
[0.587s] -- Installing: /home/kiriks/code/alphabot/install/alphabot_description/share/alphabot_description/local_setup.dsv
[0.587s] -- Installing: /home/kiriks/code/alphabot/install/alphabot_description/share/alphabot_description/package.dsv
[0.587s] -- Installing: /home/kiriks/code/alphabot/install/alphabot_description/share/ament_index/resource_index/packages/alphabot_description
[0.587s] -- Installing: /home/kiriks/code/alphabot/install/alphabot_description/share/alphabot_description/cmake/alphabot_descriptionConfig.cmake
[0.587s] -- Installing: /home/kiriks/code/alphabot/install/alphabot_description/share/alphabot_description/cmake/alphabot_descriptionConfig-version.cmake
[0.587s] -- Installing: /home/kiriks/code/alphabot/install/alphabot_description/share/alphabot_description/package.xml
[0.591s] Invoked command in '/home/kiriks/code/alphabot/build/alphabot_description' returned '0': CMAKE_PREFIX_PATH=/opt/ros/humble PS1=\[\e[0;37m\][\t]\[\[\e[1;32m\]\u\[\[\e[0;37m\]@\[\[\e[0;33m\]\h\[\[\e[1;33m\]${text}\[\[\e[0;37m\]:\[$(set_ros_workspace_color)\]$(parse_ros_workspace)\[\[\e[0;32m\]$(parse_vc_branch_and_add_brackets)>\[\[\e[1;35m\]\W\[\[\e[1;35m\]$\[\[\e[0m\]\[\e[m\] /usr/bin/cmake --install /home/kiriks/code/alphabot/build/alphabot_description
