[0.015s] Invoking command in '/home/kiriks/code/alphabot/build/alphabot_controllers': CMAKE_PREFIX_PATH=/opt/ros/humble PS1=\[\e[0;37m\][\t]\[\[\e[1;32m\]\u\[\[\e[0;37m\]@\[\[\e[0;33m\]\h\[\[\e[1;33m\]${text}\[\[\e[0;37m\]:\[$(set_ros_workspace_color)\]$(parse_ros_workspace)\[\[\e[0;32m\]$(parse_vc_branch_and_add_brackets)>\[\[\e[1;35m\]\W\[\[\e[1;35m\]$\[\[\e[0m\]\[\e[m\] /usr/bin/cmake /home/kiriks/code/alphabot/alphabot_controllers -DCMAKE_INSTALL_PREFIX=/home/kiriks/code/alphabot/install/alphabot_controllers
[0.059s] -- The C compiler identification is GNU 11.4.0
[0.107s] -- The CXX compiler identification is GNU 11.4.0
[0.113s] -- Detecting C compiler ABI info
[0.168s] -- Detecting C compiler ABI info - done
[0.180s] -- Check for working C compiler: /usr/bin/cc - skipped
[0.180s] -- Detecting C compile features
[0.181s] -- Detecting C compile features - done
[0.183s] -- Detecting CXX compiler ABI info
[0.248s] -- Detecting CXX compiler ABI info - done
[0.255s] -- Check for working CXX compiler: /usr/bin/c++ - skipped
[0.256s] -- Detecting CXX compile features
[0.256s] -- Detecting CXX compile features - done
[0.258s] -- Found ament_cmake: 1.3.8 (/opt/ros/humble/share/ament_cmake/cmake)
[0.389s] -- Found Python3: /usr/bin/python3 (found version "3.10.12") found components: Interpreter 
[0.527s] -- Configuring done
[0.530s] -- Generating done
[0.530s] -- Build files have been written to: /home/kiriks/code/alphabot/build/alphabot_controllers
[0.535s] Invoked command in '/home/kiriks/code/alphabot/build/alphabot_controllers' returned '0': CMAKE_PREFIX_PATH=/opt/ros/humble PS1=\[\e[0;37m\][\t]\[\[\e[1;32m\]\u\[\[\e[0;37m\]@\[\[\e[0;33m\]\h\[\[\e[1;33m\]${text}\[\[\e[0;37m\]:\[$(set_ros_workspace_color)\]$(parse_ros_workspace)\[\[\e[0;32m\]$(parse_vc_branch_and_add_brackets)>\[\[\e[1;35m\]\W\[\[\e[1;35m\]$\[\[\e[0m\]\[\e[m\] /usr/bin/cmake /home/kiriks/code/alphabot/alphabot_controllers -DCMAKE_INSTALL_PREFIX=/home/kiriks/code/alphabot/install/alphabot_controllers
[0.536s] Invoking command in '/home/kiriks/code/alphabot/build/alphabot_controllers': CMAKE_PREFIX_PATH=/opt/ros/humble PS1=\[\e[0;37m\][\t]\[\[\e[1;32m\]\u\[\[\e[0;37m\]@\[\[\e[0;33m\]\h\[\[\e[1;33m\]${text}\[\[\e[0;37m\]:\[$(set_ros_workspace_color)\]$(parse_ros_workspace)\[\[\e[0;32m\]$(parse_vc_branch_and_add_brackets)>\[\[\e[1;35m\]\W\[\[\e[1;35m\]$\[\[\e[0m\]\[\e[m\] /usr/bin/cmake --build /home/kiriks/code/alphabot/build/alphabot_controllers -- -j8 -l8
[0.567s] Invoked command in '/home/kiriks/code/alphabot/build/alphabot_controllers' returned '0': CMAKE_PREFIX_PATH=/opt/ros/humble PS1=\[\e[0;37m\][\t]\[\[\e[1;32m\]\u\[\[\e[0;37m\]@\[\[\e[0;33m\]\h\[\[\e[1;33m\]${text}\[\[\e[0;37m\]:\[$(set_ros_workspace_color)\]$(parse_ros_workspace)\[\[\e[0;32m\]$(parse_vc_branch_and_add_brackets)>\[\[\e[1;35m\]\W\[\[\e[1;35m\]$\[\[\e[0m\]\[\e[m\] /usr/bin/cmake --build /home/kiriks/code/alphabot/build/alphabot_controllers -- -j8 -l8
[0.587s] Invoking command in '/home/kiriks/code/alphabot/build/alphabot_controllers': CMAKE_PREFIX_PATH=/opt/ros/humble PS1=\[\e[0;37m\][\t]\[\[\e[1;32m\]\u\[\[\e[0;37m\]@\[\[\e[0;33m\]\h\[\[\e[1;33m\]${text}\[\[\e[0;37m\]:\[$(set_ros_workspace_color)\]$(parse_ros_workspace)\[\[\e[0;32m\]$(parse_vc_branch_and_add_brackets)>\[\[\e[1;35m\]\W\[\[\e[1;35m\]$\[\[\e[0m\]\[\e[m\] /usr/bin/cmake --install /home/kiriks/code/alphabot/build/alphabot_controllers
[0.593s] -- Install configuration: ""
[0.594s] -- Installing: /home/kiriks/code/alphabot/install/alphabot_controllers/share/ament_index/resource_index/package_run_dependencies/alphabot_controllers
[0.594s] -- Installing: /home/kiriks/code/alphabot/install/alphabot_controllers/share/ament_index/resource_index/parent_prefix_path/alphabot_controllers
[0.594s] -- Installing: /home/kiriks/code/alphabot/install/alphabot_controllers/share/alphabot_controllers/environment/ament_prefix_path.sh
[0.594s] -- Installing: /home/kiriks/code/alphabot/install/alphabot_controllers/share/alphabot_controllers/environment/ament_prefix_path.dsv
[0.594s] -- Installing: /home/kiriks/code/alphabot/install/alphabot_controllers/share/alphabot_controllers/environment/path.sh
[0.594s] -- Installing: /home/kiriks/code/alphabot/install/alphabot_controllers/share/alphabot_controllers/environment/path.dsv
[0.594s] -- Installing: /home/kiriks/code/alphabot/install/alphabot_controllers/share/alphabot_controllers/local_setup.bash
[0.594s] -- Installing: /home/kiriks/code/alphabot/install/alphabot_controllers/share/alphabot_controllers/local_setup.sh
[0.595s] -- Installing: /home/kiriks/code/alphabot/install/alphabot_controllers/share/alphabot_controllers/local_setup.zsh
[0.595s] -- Installing: /home/kiriks/code/alphabot/install/alphabot_controllers/share/alphabot_controllers/local_setup.dsv
[0.595s] -- Installing: /home/kiriks/code/alphabot/install/alphabot_controllers/share/alphabot_controllers/package.dsv
[0.595s] -- Installing: /home/kiriks/code/alphabot/install/alphabot_controllers/share/ament_index/resource_index/packages/alphabot_controllers
[0.595s] -- Installing: /home/kiriks/code/alphabot/install/alphabot_controllers/share/alphabot_controllers/cmake/alphabot_controllersConfig.cmake
[0.595s] -- Installing: /home/kiriks/code/alphabot/install/alphabot_controllers/share/alphabot_controllers/cmake/alphabot_controllersConfig-version.cmake
[0.596s] -- Installing: /home/kiriks/code/alphabot/install/alphabot_controllers/share/alphabot_controllers/package.xml
[0.615s] Invoked command in '/home/kiriks/code/alphabot/build/alphabot_controllers' returned '0': CMAKE_PREFIX_PATH=/opt/ros/humble PS1=\[\e[0;37m\][\t]\[\[\e[1;32m\]\u\[\[\e[0;37m\]@\[\[\e[0;33m\]\h\[\[\e[1;33m\]${text}\[\[\e[0;37m\]:\[$(set_ros_workspace_color)\]$(parse_ros_workspace)\[\[\e[0;32m\]$(parse_vc_branch_and_add_brackets)>\[\[\e[1;35m\]\W\[\[\e[1;35m\]$\[\[\e[0m\]\[\e[m\] /usr/bin/cmake --install /home/kiriks/code/alphabot/build/alphabot_controllers
