-- The C compiler identification is GNU 11.4.0
-- The CXX compiler identification is GNU 11.4.0
-- Detecting C compiler ABI info
-- Detecting C compiler ABI info - done
-- Check for working C compiler: /usr/bin/cc - skipped
-- Detecting C compile features
-- Detecting C compile features - done
-- Detecting CXX compiler ABI info
-- Detecting CXX compiler ABI info - done
-- Check for working CXX compiler: /usr/bin/c++ - skipped
-- Detecting CXX compile features
-- Detecting CXX compile features - done
-- Found ament_cmake: 1.3.8 (/opt/ros/humble/share/ament_cmake/cmake)
-- Found Python3: /usr/bin/python3 (found version "3.10.12") found components: Interpreter 
-- Configuring done
-- Generating done
-- Build files have been written to: /home/kiriks/code/alphabot/build/alphabot_hardware
-- Install configuration: ""
-- Installing: /home/kiriks/code/alphabot/install/alphabot_hardware/share/ament_index/resource_index/package_run_dependencies/alphabot_hardware
-- Installing: /home/kiriks/code/alphabot/install/alphabot_hardware/share/ament_index/resource_index/parent_prefix_path/alphabot_hardware
-- Installing: /home/kiriks/code/alphabot/install/alphabot_hardware/share/alphabot_hardware/environment/ament_prefix_path.sh
-- Installing: /home/kiriks/code/alphabot/install/alphabot_hardware/share/alphabot_hardware/environment/ament_prefix_path.dsv
-- Installing: /home/kiriks/code/alphabot/install/alphabot_hardware/share/alphabot_hardware/environment/path.sh
-- Installing: /home/kiriks/code/alphabot/install/alphabot_hardware/share/alphabot_hardware/environment/path.dsv
-- Installing: /home/kiriks/code/alphabot/install/alphabot_hardware/share/alphabot_hardware/local_setup.bash
-- Installing: /home/kiriks/code/alphabot/install/alphabot_hardware/share/alphabot_hardware/local_setup.sh
-- Installing: /home/kiriks/code/alphabot/install/alphabot_hardware/share/alphabot_hardware/local_setup.zsh
-- Installing: /home/kiriks/code/alphabot/install/alphabot_hardware/share/alphabot_hardware/local_setup.dsv
-- Installing: /home/kiriks/code/alphabot/install/alphabot_hardware/share/alphabot_hardware/package.dsv
-- Installing: /home/kiriks/code/alphabot/install/alphabot_hardware/share/ament_index/resource_index/packages/alphabot_hardware
-- Installing: /home/kiriks/code/alphabot/install/alphabot_hardware/share/alphabot_hardware/cmake/alphabot_hardwareConfig.cmake
-- Installing: /home/kiriks/code/alphabot/install/alphabot_hardware/share/alphabot_hardware/cmake/alphabot_hardwareConfig-version.cmake
-- Installing: /home/kiriks/code/alphabot/install/alphabot_hardware/share/alphabot_hardware/package.xml
